<?xml version="1.0" encoding="UTF-8" standalone="no"?>
<!DOCTYPE log SYSTEM "logger.dtd">
<log>
<record>
  <date>2019-10-20T15:27:43</date>
  <millis>1571578063664</millis>
  <sequence>0</sequence>
  <logger>org.uma.jmetal.util.JMetalLogger</logger>
  <level>INFO</level>
  <class>org.uma.jmetal.util.JMetalLogger</class>
  <method>configureLoggers</method>
  <thread>12</thread>
  <message>Loggers configured with null</message>
</record>
<record>
  <date>2019-10-20T15:27:43</date>
  <millis>1571578063672</millis>
  <sequence>1</sequence>
  <logger>org.uma.jmetal.util.JMetalLogger</logger>
  <level>INFO</level>
  <class>org.uma.jmetal.runner.multiobjective.NSGAIIIntegerRunner</class>
  <method>main</method>
  <thread>12</thread>
  <message>Total execution time: 16ms</message>
</record>
<record>
  <date>2019-10-20T15:27:43</date>
  <millis>1571578063674</millis>
  <sequence>2</sequence>
  <logger>org.uma.jmetal.util.JMetalLogger</logger>
  <level>INFO</level>
  <class>org.uma.jmetal.util.AbstractAlgorithmRunner</class>
  <method>printFinalSolutionSet</method>
  <thread>12</thread>
  <message>Random seed: 1571578063645</message>
</record>
<record>
  <date>2019-10-20T15:27:43</date>
  <millis>1571578063675</millis>
  <sequence>3</sequence>
  <logger>org.uma.jmetal.util.JMetalLogger</logger>
  <level>INFO</level>
  <class>org.uma.jmetal.util.AbstractAlgorithmRunner</class>
  <method>printFinalSolutionSet</method>
  <thread>12</thread>
  <message>Objectives values have been written to file FUN.tsv</message>
</record>
<record>
  <date>2019-10-20T15:27:43</date>
  <millis>1571578063675</millis>
  <sequence>4</sequence>
  <logger>org.uma.jmetal.util.JMetalLogger</logger>
  <level>INFO</level>
  <class>org.uma.jmetal.util.AbstractAlgorithmRunner</class>
  <method>printFinalSolutionSet</method>
  <thread>12</thread>
  <message>Variables values have been written to file VAR.tsv</message>
</record>
</log>
